[01:56:24] [ServerMain/INFO]: Environment: Environment[sessionHost=https://sessionserver.mojang.com, servicesHost=https://api.minecraftservices.com, name=PROD]
[01:56:26] [ServerMain/INFO]: Loaded 7 recipes
[01:56:27] [Server thread/INFO]: Starting minecraft server version 1.20.4
[01:56:27] [Server thread/INFO]: Loading properties
[01:56:28] [Server thread/INFO]: This server is running CraftBukkit version 4022-Spigot-c198da2-fb97348 (MC: 1.20.4) (Implementing API version 1.20.4-R0.1-SNAPSHOT)
[01:56:29] [Server thread/INFO]: Debug logging is disabled
[01:56:29] [Server thread/INFO]: Server Ping Player Sample Count: 12
[01:56:29] [Server thread/INFO]: Using 4 threads for Netty based IO
[01:56:29] [Server thread/INFO]: Default game type: SURVIVAL
[01:56:29] [Server thread/INFO]: Generating keypair
[01:56:29] [Server thread/INFO]: Starting Minecraft server on *:25565
[01:56:29] [Server thread/INFO]: Using default channel type
[01:56:29] [Server thread/INFO]: [LoginSecurity] Loading LoginSecurity v3.3.0
[01:56:29] [Server thread/WARN]: **** SERVER IS RUNNING IN OFFLINE/INSECURE MODE!
[01:56:29] [Server thread/WARN]: The server will make no attempt to authenticate usernames. Beware.
[01:56:29] [Server thread/WARN]: While this makes the game possible to play without internet access, it also opens up the ability for hackers to connect with any username they choose.
[01:56:29] [Server thread/WARN]: To change this, set "online-mode" to "true" in the server.properties file.
[01:56:29] [Server thread/INFO]: Preparing level "world"
[01:56:29] [Server thread/INFO]: -------- World Settings For [world] --------
[01:56:29] [Server thread/INFO]: Experience Merge Radius: 3.0
[01:56:29] [Server thread/INFO]: Hopper Transfer: 8 Hopper Check: 1 Hopper Amount: 1 Hopper Can Load Chunks: false
[01:56:29] [Server thread/INFO]: Arrow Despawn Rate: 1200 Trident Respawn Rate:1200
[01:56:29] [Server thread/INFO]: Item Despawn Rate: 6000
[01:56:29] [Server thread/INFO]: View Distance: 10
[01:56:29] [Server thread/INFO]: Simulation Distance: 10
[01:56:29] [Server thread/INFO]: Item Merge Radius: 2.5
[01:56:29] [Server thread/INFO]: Allow Zombie Pigmen to spawn from portal blocks: true
[01:56:29] [Server thread/INFO]: Nerfing mobs spawned from spawners: false
[01:56:29] [Server thread/INFO]: Zombie Aggressive Towards Villager: true
[01:56:29] [Server thread/INFO]: Custom Map Seeds:  Village: 10387312 Desert: 14357617 Igloo: 14357618 Jungle: 14357619 Swamp: 14357620 Monument: 10387313 Ocean: 14357621 Shipwreck: 165745295 End City: 10387313 Slime: 987234911 Nether: 30084232 Mansion: 10387319 Fossil: 14357921 Portal: 34222645
[01:56:29] [Server thread/INFO]: Max TNT Explosions: 100
[01:56:29] [Server thread/INFO]: Entity Activation Range: An 32 / Mo 32 / Ra 48 / Mi 16 / Tiv true / Isa false
[01:56:29] [Server thread/INFO]: Cactus Growth Modifier: 100%
[01:56:29] [Server thread/INFO]: Cane Growth Modifier: 100%
[01:56:29] [Server thread/INFO]: Melon Growth Modifier: 100%
[01:56:29] [Server thread/INFO]: Mushroom Growth Modifier: 100%
[01:56:29] [Server thread/INFO]: Pumpkin Growth Modifier: 100%
[01:56:29] [Server thread/INFO]: Sapling Growth Modifier: 100%
[01:56:29] [Server thread/INFO]: Beetroot Growth Modifier: 100%
[01:56:29] [Server thread/INFO]: Carrot Growth Modifier: 100%
[01:56:29] [Server thread/INFO]: Potato Growth Modifier: 100%
[01:56:29] [Server thread/INFO]: Wheat Growth Modifier: 100%
[01:56:29] [Server thread/INFO]: NetherWart Growth Modifier: 100%
[01:56:29] [Server thread/INFO]: Vine Growth Modifier: 100%
[01:56:29] [Server thread/INFO]: Cocoa Growth Modifier: 100%
[01:56:29] [Server thread/INFO]: Bamboo Growth Modifier: 100%
[01:56:29] [Server thread/INFO]: SweetBerry Growth Modifier: 100%
[01:56:29] [Server thread/INFO]: Kelp Growth Modifier: 100%
[01:56:29] [Server thread/INFO]: TwistingVines Growth Modifier: 100%
[01:56:29] [Server thread/INFO]: WeepingVines Growth Modifier: 100%
[01:56:29] [Server thread/INFO]: CaveVines Growth Modifier: 100%
[01:56:29] [Server thread/INFO]: Entity Tracking Range: Pl 48 / An 48 / Mo 48 / Mi 32 / Di 128 / Other 64
[01:56:29] [Server thread/INFO]: Mob Spawn Range: 6
[01:56:29] [Server thread/INFO]: Tile Max Tick Time: 50ms Entity max Tick Time: 50ms
[01:56:29] [Server thread/INFO]: -------- World Settings For [world_nether] --------
[01:56:29] [Server thread/INFO]: Experience Merge Radius: 3.0
[01:56:29] [Server thread/INFO]: Hopper Transfer: 8 Hopper Check: 1 Hopper Amount: 1 Hopper Can Load Chunks: false
[01:56:29] [Server thread/INFO]: Arrow Despawn Rate: 1200 Trident Respawn Rate:1200
[01:56:29] [Server thread/INFO]: Item Despawn Rate: 6000
[01:56:29] [Server thread/INFO]: View Distance: 10
[01:56:29] [Server thread/INFO]: Simulation Distance: 10
[01:56:29] [Server thread/INFO]: Item Merge Radius: 2.5
[01:56:29] [Server thread/INFO]: Allow Zombie Pigmen to spawn from portal blocks: true
[01:56:29] [Server thread/INFO]: Nerfing mobs spawned from spawners: false
[01:56:29] [Server thread/INFO]: Zombie Aggressive Towards Villager: true
[01:56:29] [Server thread/INFO]: Custom Map Seeds:  Village: 10387312 Desert: 14357617 Igloo: 14357618 Jungle: 14357619 Swamp: 14357620 Monument: 10387313 Ocean: 14357621 Shipwreck: 165745295 End City: 10387313 Slime: 987234911 Nether: 30084232 Mansion: 10387319 Fossil: 14357921 Portal: 34222645
[01:56:29] [Server thread/INFO]: Max TNT Explosions: 100
[01:56:29] [Server thread/INFO]: Entity Activation Range: An 32 / Mo 32 / Ra 48 / Mi 16 / Tiv true / Isa false
[01:56:29] [Server thread/INFO]: Cactus Growth Modifier: 100%
[01:56:29] [Server thread/INFO]: Cane Growth Modifier: 100%
[01:56:29] [Server thread/INFO]: Melon Growth Modifier: 100%
[01:56:29] [Server thread/INFO]: Mushroom Growth Modifier: 100%
[01:56:29] [Server thread/INFO]: Pumpkin Growth Modifier: 100%
[01:56:29] [Server thread/INFO]: Sapling Growth Modifier: 100%
[01:56:29] [Server thread/INFO]: Beetroot Growth Modifier: 100%
[01:56:29] [Server thread/INFO]: Carrot Growth Modifier: 100%
[01:56:29] [Server thread/INFO]: Potato Growth Modifier: 100%
[01:56:29] [Server thread/INFO]: Wheat Growth Modifier: 100%
[01:56:29] [Server thread/INFO]: NetherWart Growth Modifier: 100%
[01:56:29] [Server thread/INFO]: Vine Growth Modifier: 100%
[01:56:29] [Server thread/INFO]: Cocoa Growth Modifier: 100%
[01:56:29] [Server thread/INFO]: Bamboo Growth Modifier: 100%
[01:56:29] [Server thread/INFO]: SweetBerry Growth Modifier: 100%
[01:56:29] [Server thread/INFO]: Kelp Growth Modifier: 100%
[01:56:29] [Server thread/INFO]: TwistingVines Growth Modifier: 100%
[01:56:29] [Server thread/INFO]: WeepingVines Growth Modifier: 100%
[01:56:29] [Server thread/INFO]: CaveVines Growth Modifier: 100%
[01:56:29] [Server thread/INFO]: Entity Tracking Range: Pl 48 / An 48 / Mo 48 / Mi 32 / Di 128 / Other 64
[01:56:29] [Server thread/INFO]: Mob Spawn Range: 6
[01:56:29] [Server thread/INFO]: Tile Max Tick Time: 50ms Entity max Tick Time: 50ms
[01:56:31] [Server thread/INFO]: -------- World Settings For [world_the_end] --------
[01:56:31] [Server thread/INFO]: Experience Merge Radius: 3.0
[01:56:31] [Server thread/INFO]: Hopper Transfer: 8 Hopper Check: 1 Hopper Amount: 1 Hopper Can Load Chunks: false
[01:56:31] [Server thread/INFO]: Arrow Despawn Rate: 1200 Trident Respawn Rate:1200
[01:56:31] [Server thread/INFO]: Item Despawn Rate: 6000
[01:56:31] [Server thread/INFO]: View Distance: 10
[01:56:31] [Server thread/INFO]: Simulation Distance: 10
[01:56:31] [Server thread/INFO]: Item Merge Radius: 2.5
[01:56:31] [Server thread/INFO]: Allow Zombie Pigmen to spawn from portal blocks: true
[01:56:31] [Server thread/INFO]: Nerfing mobs spawned from spawners: false
[01:56:31] [Server thread/INFO]: Zombie Aggressive Towards Villager: true
[01:56:31] [Server thread/INFO]: Custom Map Seeds:  Village: 10387312 Desert: 14357617 Igloo: 14357618 Jungle: 14357619 Swamp: 14357620 Monument: 10387313 Ocean: 14357621 Shipwreck: 165745295 End City: 10387313 Slime: 987234911 Nether: 30084232 Mansion: 10387319 Fossil: 14357921 Portal: 34222645
[01:56:31] [Server thread/INFO]: Max TNT Explosions: 100
[01:56:31] [Server thread/INFO]: Entity Activation Range: An 32 / Mo 32 / Ra 48 / Mi 16 / Tiv true / Isa false
[01:56:31] [Server thread/INFO]: Cactus Growth Modifier: 100%
[01:56:31] [Server thread/INFO]: Cane Growth Modifier: 100%
[01:56:31] [Server thread/INFO]: Melon Growth Modifier: 100%
[01:56:31] [Server thread/INFO]: Mushroom Growth Modifier: 100%
[01:56:31] [Server thread/INFO]: Pumpkin Growth Modifier: 100%
[01:56:31] [Server thread/INFO]: Sapling Growth Modifier: 100%
[01:56:31] [Server thread/INFO]: Beetroot Growth Modifier: 100%
[01:56:31] [Server thread/INFO]: Carrot Growth Modifier: 100%
[01:56:31] [Server thread/INFO]: Potato Growth Modifier: 100%
[01:56:31] [Server thread/INFO]: Wheat Growth Modifier: 100%
[01:56:31] [Server thread/INFO]: NetherWart Growth Modifier: 100%
[01:56:31] [Server thread/INFO]: Vine Growth Modifier: 100%
[01:56:31] [Server thread/INFO]: Cocoa Growth Modifier: 100%
[01:56:31] [Server thread/INFO]: Bamboo Growth Modifier: 100%
[01:56:31] [Server thread/INFO]: SweetBerry Growth Modifier: 100%
[01:56:31] [Server thread/INFO]: Kelp Growth Modifier: 100%
[01:56:31] [Server thread/INFO]: TwistingVines Growth Modifier: 100%
[01:56:31] [Server thread/INFO]: WeepingVines Growth Modifier: 100%
[01:56:31] [Server thread/INFO]: CaveVines Growth Modifier: 100%
[01:56:31] [Server thread/INFO]: Entity Tracking Range: Pl 48 / An 48 / Mo 48 / Mi 32 / Di 128 / Other 64
[01:56:31] [Server thread/INFO]: Mob Spawn Range: 6
[01:56:31] [Server thread/INFO]: Tile Max Tick Time: 50ms Entity max Tick Time: 50ms
[01:56:31] [Server thread/INFO]: Preparing start region for dimension minecraft:overworld
[01:56:34] [Worker-Main-3/INFO]: Preparing spawn area: 0%
[01:56:34] [Worker-Main-1/INFO]: Preparing spawn area: 0%
[01:56:34] [Worker-Main-1/INFO]: Preparing spawn area: 0%
[01:56:34] [Worker-Main-2/INFO]: Preparing spawn area: 0%
[01:56:35] [Worker-Main-3/INFO]: Preparing spawn area: 0%
[01:56:35] [Worker-Main-1/INFO]: Preparing spawn area: 0%
[01:56:35] [Worker-Main-1/INFO]: Preparing spawn area: 0%
[01:56:35] [Worker-Main-2/INFO]: Preparing spawn area: 0%
[01:56:35] [Worker-Main-2/INFO]: Preparing spawn area: 10%
[01:56:36] [Server thread/INFO]: Time elapsed: 4454 ms
[01:56:36] [Server thread/INFO]: Preparing start region for dimension minecraft:the_nether
[01:56:38] [Worker-Main-3/INFO]: Preparing spawn area: 0%
[01:56:38] [Worker-Main-3/INFO]: Preparing spawn area: 0%
[01:56:38] [Worker-Main-1/INFO]: Preparing spawn area: 0%
[01:56:38] [Worker-Main-3/INFO]: Preparing spawn area: 0%
[01:56:38] [Worker-Main-2/INFO]: Preparing spawn area: 0%
[01:56:38] [Worker-Main-3/INFO]: Preparing spawn area: 0%
[01:56:39] [Worker-Main-1/INFO]: Preparing spawn area: 91%
[01:56:39] [Server thread/INFO]: Time elapsed: 3040 ms
[01:56:39] [Server thread/INFO]: Preparing start region for dimension minecraft:the_end
[01:56:41] [Worker-Main-2/INFO]: Preparing spawn area: 0%
[01:56:41] [Worker-Main-1/INFO]: Preparing spawn area: 0%
[01:56:41] [Worker-Main-3/INFO]: Preparing spawn area: 0%
[01:56:41] [Worker-Main-3/INFO]: Preparing spawn area: 0%
[01:56:41] [Worker-Main-2/INFO]: Preparing spawn area: 0%
[01:56:41] [Worker-Main-2/INFO]: Preparing spawn area: 0%
[01:56:42] [Worker-Main-2/INFO]: Preparing spawn area: 80%
[01:56:42] [Server thread/INFO]: Time elapsed: 3126 ms
[01:56:42] [Server thread/INFO]: [LoginSecurity] Enabling LoginSecurity v3.3.0
[01:56:42] [Server thread/INFO]: [LoginSecurity] Loading base translations from "en_us"
[01:56:42] [Server thread/INFO]: [LoginSecurity] Loading specified translations from "en_us"
[01:56:42] [Server thread/INFO]: [LoginSecurity] Applying database upgrade 1: Initial
[01:56:42] [Server thread/INFO]: [LoginSecurity] Applying database upgrade 2: Add uuid mode
[01:56:42] [Server thread/INFO]: [LoginSecurity] Applying database upgrade 3: Fix inventories
[01:56:42] [Server thread/INFO]: [LoginSecurity] Applying database upgrade 4: Add name index
[01:56:42] [Server thread/INFO]: [LoginSecurity] Registering commands...
[01:56:42] [Server thread/INFO]: [LoginSecurity] Registering listeners...
[01:56:42] [Server thread/INFO]: [LoginSecurity] Using 1.12+ map captcha renderer
[01:56:42] [Server thread/INFO]: Server permissions file permissions.yml is empty, ignoring it
[01:56:42] [Server thread/INFO]: Done (13.423s)! For help, type "help"
[01:56:43] [Server thread/INFO]: seumgseumg (/211.241.121.19:13965) lost connection: Disconnected
[01:56:43] [User Authenticator #1/INFO]: UUID of player seumgseumg is fb87d795-6e12-3485-ae1c-52bfe0e288f4
[01:56:49] [User Authenticator #2/INFO]: UUID of player yongjale is 952b6ac4-012e-3ef2-9bb8-0aca88b1133a
[01:56:50] [Server thread/INFO]: yongjale joined the game
[01:56:50] [Server thread/INFO]: yongjale[/127.0.0.1:55906] logged in with entity id 106 at ([world]1872.51358511485, 121.0, -1017.4415795670244)
[01:56:55] [User Authenticator #3/INFO]: UUID of player seumgseumg is fb87d795-6e12-3485-ae1c-52bfe0e288f4
[01:56:55] [Server thread/INFO]: seumgseumg joined the game
[01:56:55] [Server thread/INFO]: seumgseumg[/211.241.121.19:13968] logged in with entity id 306 at ([world]1855.5087369250357, 131.0, -1020.6442757472247)
[02:01:16] [Server thread/INFO]: seumgseumg fell from a high place
[02:17:52] [Server thread/INFO]: Stopping the server
[02:17:52] [Server thread/INFO]: Stopping server
[02:17:52] [Server thread/INFO]: [LoginSecurity] Disabling LoginSecurity v3.3.0
[02:17:52] [Server thread/INFO]: [LoginSecurity] Waiting for queued tasks...
[02:17:52] [Server thread/INFO]: [LoginSecurity] ExecutorService shut down, ready to disable.
[02:17:52] [Server thread/INFO]: Saving players
[02:17:52] [Server thread/INFO]: yongjale lost connection: Server closed
[02:17:52] [Server thread/INFO]: yongjale left the game.
[02:17:52] [Server thread/INFO]: seumgseumg lost connection: Server closed
[02:17:52] [Server thread/INFO]: seumgseumg left the game.
[02:17:52] [Server thread/INFO]: Saving worlds
[02:17:56] [Server thread/INFO]: Saving chunks for level 'ServerLevel[world]'/minecraft:overworld
[02:17:57] [Server thread/INFO]: Saving chunks for level 'ServerLevel[world_nether]'/minecraft:the_nether
[02:17:57] [Server thread/INFO]: Saving chunks for level 'ServerLevel[world_the_end]'/minecraft:the_end
[02:17:57] [Server thread/INFO]: ThreadedAnvilChunkStorage (world): All chunks are saved
[02:17:57] [Server thread/INFO]: ThreadedAnvilChunkStorage (DIM-1): All chunks are saved
[02:17:57] [Server thread/INFO]: ThreadedAnvilChunkStorage (DIM1): All chunks are saved
[02:17:57] [Server thread/INFO]: ThreadedAnvilChunkStorage: All dimensions are saved
